<?xml version="1.0" encoding="UTF-8"?>
<testsuite xmlns:xsi="http://www.w3.org/2001/XMLSchema-instance" xsi:noNamespaceSchemaLocation="https://maven.apache.org/surefire/maven-surefire-plugin/xsd/surefire-test-report.xsd" name="TestSuite" time="640.234" tests="14" errors="0" skipped="0" failures="4">
  <properties>
    <property name="gopherProxySet" value="false"/>
    <property name="awt.toolkit" value="sun.lwawt.macosx.LWCToolkit"/>
    <property name="java.specification.version" value="11"/>
    <property name="sun.cpu.isalist" value=""/>
    <property name="sun.jnu.encoding" value="UTF-8"/>
    <property name="java.class.path" value="/Applications/IntelliJ IDEA CE.app/Contents/plugins/maven/lib/maven3/boot/plexus-classworlds-2.5.2.jar"/>
    <property name="java.vm.vendor" value="Oracle Corporation"/>
    <property name="sun.arch.data.model" value="64"/>
    <property name="java.vendor.url" value="http://java.oracle.com/"/>
    <property name="user.timezone" value="America/Chicago"/>
    <property name="os.name" value="Mac OS X"/>
    <property name="java.vm.specification.version" value="11"/>
    <property name="sun.java.launcher" value="SUN_STANDARD"/>
    <property name="user.country" value="US"/>
    <property name="sun.boot.library.path" value="/Library/Java/JavaVirtualMachines/jdk-11.0.3.jdk/Contents/Home/lib"/>
    <property name="sun.java.command" value="org.codehaus.classworlds.Launcher -Didea.version2019.1.3 test"/>
    <property name="http.nonProxyHosts" value="local|*.local|169.254/16|*.169.254/16"/>
    <property name="jdk.debug" value="release"/>
    <property name="maven.home" value="/Applications/IntelliJ IDEA CE.app/Contents/plugins/maven/lib/maven3"/>
    <property name="sun.cpu.endian" value="little"/>
    <property name="user.home" value="/Users/mj621194"/>
    <property name="user.language" value="en"/>
    <property name="java.specification.vendor" value="Oracle Corporation"/>
    <property name="java.version.date" value="2019-04-16"/>
    <property name="java.home" value="/Library/Java/JavaVirtualMachines/jdk-11.0.3.jdk/Contents/Home"/>
    <property name="file.separator" value="/"/>
    <property name="java.vm.compressedOopsMode" value="Zero based"/>
    <property name="line.separator" value="&#10;"/>
    <property name="java.specification.name" value="Java Platform API Specification"/>
    <property name="java.vm.specification.vendor" value="Oracle Corporation"/>
    <property name="java.awt.graphicsenv" value="sun.awt.CGraphicsEnvironment"/>
    <property name="sun.management.compiler" value="HotSpot 64-Bit Tiered Compilers"/>
    <property name="ftp.nonProxyHosts" value="local|*.local|169.254/16|*.169.254/16"/>
    <property name="java.runtime.version" value="11.0.3+12-LTS"/>
    <property name="user.name" value="mj621194"/>
    <property name="path.separator" value=":"/>
    <property name="os.version" value="10.14.6"/>
    <property name="java.runtime.name" value="Java(TM) SE Runtime Environment"/>
    <property name="file.encoding" value="UTF-8"/>
    <property name="guice.disable.misplaced.annotation.check" value="true"/>
    <property name="java.vm.name" value="Java HotSpot(TM) 64-Bit Server VM"/>
    <property name="java.vendor.version" value="18.9"/>
    <property name="java.vendor.url.bug" value="http://bugreport.java.com/bugreport/"/>
    <property name="java.io.tmpdir" value="/var/folders/7b/yjpc59h12051_zk5zpmx3lcw0000gq/T/"/>
    <property name="java.version" value="11.0.3"/>
    <property name="user.dir" value="/Users/mj621194/Documents/git_max/MobileApp_MySprint_Android_919"/>
    <property name="os.arch" value="x86_64"/>
    <property name="maven.multiModuleProjectDirectory" value="/Users/mj621194/Documents/git_max/MobileApp_MySprint_Android_919"/>
    <property name="java.vm.specification.name" value="Java Virtual Machine Specification"/>
    <property name="java.awt.printerjob" value="sun.lwawt.macosx.CPrinterJob"/>
    <property name="idea.version2019.1.3" value="true"/>
    <property name="sun.os.patch.level" value="unknown"/>
    <property name="java.library.path" value="/Users/mj621194/Library/Java/Extensions:/Library/Java/Extensions:/Network/Library/Java/Extensions:/System/Library/Java/Extensions:/usr/lib/java:."/>
    <property name="java.vendor" value="Oracle Corporation"/>
    <property name="java.vm.info" value="mixed mode"/>
    <property name="java.vm.version" value="11.0.3+12-LTS"/>
    <property name="classworlds.conf" value="/Applications/IntelliJ IDEA CE.app/Contents/plugins/maven/lib/maven3/bin/m2.conf"/>
    <property name="sun.io.unicode.encoding" value="UnicodeBig"/>
    <property name="java.class.version" value="55.0"/>
    <property name="socksNonProxyHosts" value="local|*.local|169.254/16|*.169.254/16"/>
  </properties>
  <testcase name="SPRCOM_105302" classname="SPRCOM_92050_Android_Payment.SPRCOM_105300_Android_NonLogin_AddPaymentMethod" time="47.877"/>
  <testcase name="SPRCOM_105304" classname="SPRCOM_92050_Android_Payment.SPRCOM_105300_Android_NonLogin_Payment_Amount" time="11.944"/>
  <testcase name="SPRCOM_105306" classname="SPRCOM_92050_Android_Payment.SPRCOM_105300_Android_NonLogin_CardTypeVerify" time="35.479"/>
  <testcase name="SPRCOM_105306" classname="SPRCOM_92050_Android_Payment.SPRCOM_105300_Android_NonLogin_CardTypeVerify" time="39.747"/>
  <testcase name="SPRCOM_105306" classname="SPRCOM_92050_Android_Payment.SPRCOM_105300_Android_NonLogin_CardTypeVerify" time="36.417">
    <failure type="java.lang.AssertionError:">java.lang.AssertionError: null
	at SPRCOM_92050_Android_Payment.SPRCOM_105300_Android_NonLogin_CardTypeVerify.SPRCOM_105306_Step4(SPRCOM_105300_Android_NonLogin_CardTypeVerify.java:83)
	at SPRCOM_92050_Android_Payment.SPRCOM_105300_Android_NonLogin_CardTypeVerify.SPRCOM_105306(SPRCOM_105300_Android_NonLogin_CardTypeVerify.java:27)
</failure>
    <system-out><![CDATA[LISTENER: Test - SPRCOM_105306 - is Starting 

FAIL: Error message showed up - Step fail
LISTENER: Test - SPRCOM_105306 - org.testng.TestRunner@6b338591
]]></system-out>
  </testcase>
  <testcase name="SPRCOM_105402" classname="SPRCOM_92051_Android_LoginAO.SPRCOM_105400_Android_LoginAO_Login" time="39.38"/>
  <testcase name="SPRCOM_105402" classname="SPRCOM_92051_Android_LoginAO.SPRCOM_105400_Android_LoginAO_Login" time="35.008"/>
  <testcase name="SPRCOM_105404" classname="SPRCOM_92051_Android_LoginAO.SPRCOM_105400_Android_LoginAO_Login" time="34.214"/>
  <testcase name="SPRCOM_105404" classname="SPRCOM_92051_Android_LoginAO.SPRCOM_105400_Android_LoginAO_Login" time="29.815"/>
  <testcase name="SPRCOM_105504" classname="SPRCOM_92050_Android_Payment.SPRCOM_105500_Android_LoginAO_Payment_Basic" time="22.067"/>
  <testcase name="SPRCOM_105506" classname="SPRCOM_92050_Android_Payment.SPRCOM_105500_Android_LoginAO_AddpaymentMethod" time="44.754"/>
  <testcase name="SPRCOM_105702" classname="SPRCOM_92052_Android_Sales.SPRCOM_105700_Android_LoginAO_Sales_MainPage_AddNewLine_Cart" time="78.345">
    <failure type="java.lang.AssertionError:">java.lang.AssertionError: null
	at SPRCOM_92052_Android_Sales.SPRCOM_105700_Android_LoginAO_Sales_MainPage_AddNewLine_Cart.SPRCOM_105702_Step4(SPRCOM_105700_Android_LoginAO_Sales_MainPage_AddNewLine_Cart.java:77)
	at SPRCOM_92052_Android_Sales.SPRCOM_105700_Android_LoginAO_Sales_MainPage_AddNewLine_Cart.SPRCOM_105702(SPRCOM_105700_Android_LoginAO_Sales_MainPage_AddNewLine_Cart.java:30)
</failure>
    <system-out><![CDATA[LISTENER: onFinish Test - SPRCOM_105400_Android_LoginAO_Login
PASSED: SPRCOM_105402("ST2", "3369549079", "TWREG-59003", "T3stM3.P1s")
PASSED: SPRCOM_105404("ST2", "3369549079", "TWREG-59003", "T3stM3.P1s")

===============================================
    SPRCOM_105400_Android_LoginAO_Login
    Tests run: 2, Failures: 0, Skips: 0
===============================================

LISTENER: onStart Test - SPRCOM_105700_Android_LoginAO_Sales
LISTENER: Test - SPRCOM_105702 - is Starting 

FAIL: Error dialog detected, check detail with screenshot attachment 
 MORE INFO: We are having technical difficulties. Please wait a few minutes and then try again.
LISTENER: Test - SPRCOM_105702 - org.testng.TestRunner@69c53b72
]]></system-out>
  </testcase>
  <testcase name="SPRCOM_105706" classname="SPRCOM_92052_Android_Sales.SPRCOM_105700_Android_LoginAO_Sales_MainPage_UpgradeAO_Cart" time="76.15">
    <failure type="java.lang.AssertionError:">java.lang.AssertionError: null
	at SPRCOM_92052_Android_Sales.SPRCOM_105700_Android_LoginAO_Sales_MainPage_UpgradeAO_Cart.SPRCOM_105706_Step3(SPRCOM_105700_Android_LoginAO_Sales_MainPage_UpgradeAO_Cart.java:68)
	at SPRCOM_92052_Android_Sales.SPRCOM_105700_Android_LoginAO_Sales_MainPage_UpgradeAO_Cart.SPRCOM_105706(SPRCOM_105700_Android_LoginAO_Sales_MainPage_UpgradeAO_Cart.java:29)
</failure>
    <system-out><![CDATA[LISTENER: Test - SPRCOM_105706 - is Starting 

FAIL: Error dialog detected, check detail with screenshot attachment 
 MORE INFO: We are having technical difficulties. Please wait a few minutes and then try again.
LISTENER: Test - SPRCOM_105706 - org.testng.TestRunner@69c53b72
]]></system-out>
  </testcase>
  <testcase name="SPRCOM_105708" classname="SPRCOM_92052_Android_Sales.SPRCOM_105700_Android_LoginAO_Sales_PriorityStatus" time="33.579">
    <failure type="java.lang.AssertionError:">java.lang.AssertionError: null
	at SPRCOM_92052_Android_Sales.SPRCOM_105700_Android_LoginAO_Sales_PriorityStatus.SPRCOM_105708_Step2(SPRCOM_105700_Android_LoginAO_Sales_PriorityStatus.java:46)
	at SPRCOM_92052_Android_Sales.SPRCOM_105700_Android_LoginAO_Sales_PriorityStatus.SPRCOM_105708(SPRCOM_105700_Android_LoginAO_Sales_PriorityStatus.java:25)
</failure>
    <system-out><![CDATA[LISTENER: Test - SPRCOM_105708 - is Starting 

FAIL: Error dialog detected, check detail with screenshot attachment 
 MORE INFO: We are having technical difficulties. Please wait a few minutes and then try again.
LISTENER: Test - SPRCOM_105708 - org.testng.TestRunner@69c53b72
]]></system-out>
  </testcase>
</testsuite>