{
  "uid" : "288f9bc0a6eeaf45",
  "name" : "SPRCOM_105306",
  "fullName" : "SPRCOM_92050_Android_Payment.SPRCOM_105300_Android_NonLogin_CardTypeVerify.SPRCOM_105306",
  "historyId" : "27e40dab23e64eb061c766f33fa4f86b",
  "time" : {
    "start" : 1569861041237,
    "stop" : 1569861077651,
    "duration" : 36414
  },
  "description" : "Test the function of payment making with different types of card (Card Number Support)",
  "descriptionHtml" : "<p>Test the function of payment making with different types of card (Card Number Support)</p>\n",
  "status" : "failed",
  "statusMessage" : "null",
  "statusTrace" : "java.lang.AssertionError: null\n\tat org.testng.Assert.fail(Assert.java:96)\n\tat org.testng.Assert.fail(Assert.java:103)\n\tat Util.Android_Driver_Methods.assertFail_toMainPage(Android_Driver_Methods.java:296)\n\tat SPRCOM_92050_Android_Payment.SPRCOM_105300_Android_NonLogin_CardTypeVerify.SPRCOM_105306_Step4(SPRCOM_105300_Android_NonLogin_CardTypeVerify.java:83)\n\tat SPRCOM_92050_Android_Payment.SPRCOM_105300_Android_NonLogin_CardTypeVerify.SPRCOM_105306(SPRCOM_105300_Android_NonLogin_CardTypeVerify.java:27)\n\tat java.base/jdk.internal.reflect.NativeMethodAccessorImpl.invoke0(Native Method)\n\tat java.base/jdk.internal.reflect.NativeMethodAccessorImpl.invoke(NativeMethodAccessorImpl.java:62)\n\tat java.base/jdk.internal.reflect.DelegatingMethodAccessorImpl.invoke(DelegatingMethodAccessorImpl.java:43)\n\tat java.base/java.lang.reflect.Method.invoke(Method.java:566)\n\tat org.testng.internal.MethodInvocationHelper.invokeMethod(MethodInvocationHelper.java:124)\n\tat org.testng.internal.Invoker.invokeMethod(Invoker.java:583)\n\tat org.testng.internal.Invoker.invokeTestMethod(Invoker.java:719)\n\tat org.testng.internal.Invoker.invokeTestMethods(Invoker.java:989)\n\tat org.testng.internal.TestMethodWorker.invokeTestMethods(TestMethodWorker.java:125)\n\tat org.testng.internal.TestMethodWorker.run(TestMethodWorker.java:109)\n\tat org.testng.TestRunner.privateRun(TestRunner.java:648)\n\tat org.testng.TestRunner.run(TestRunner.java:505)\n\tat org.testng.SuiteRunner.runTest(SuiteRunner.java:455)\n\tat org.testng.SuiteRunner.runSequentially(SuiteRunner.java:450)\n\tat org.testng.SuiteRunner.privateRun(SuiteRunner.java:415)\n\tat org.testng.SuiteRunner.run(SuiteRunner.java:364)\n\tat org.testng.SuiteRunnerWorker.runSuite(SuiteRunnerWorker.java:52)\n\tat org.testng.SuiteRunnerWorker.run(SuiteRunnerWorker.java:84)\n\tat org.testng.TestNG.runSuitesSequentially(TestNG.java:1208)\n\tat org.testng.TestNG.runSuitesSequentially(TestNG.java:1204)\n\tat org.testng.TestNG.runSuitesLocally(TestNG.java:1137)\n\tat org.testng.TestNG.runSuites(TestNG.java:1049)\n\tat org.testng.TestNG.run(TestNG.java:1017)\n\tat org.apache.maven.surefire.testng.TestNGExecutor.run(TestNGExecutor.java:283)\n\tat org.apache.maven.surefire.testng.TestNGXmlTestSuite.execute(TestNGXmlTestSuite.java:75)\n\tat org.apache.maven.surefire.testng.TestNGProvider.invoke(TestNGProvider.java:120)\n\tat org.apache.maven.surefire.booter.ForkedBooter.invokeProviderInSameClassLoader(ForkedBooter.java:386)\n\tat org.apache.maven.surefire.booter.ForkedBooter.runSuitesInProcess(ForkedBooter.java:323)\n\tat org.apache.maven.surefire.booter.ForkedBooter.main(ForkedBooter.java:143)\n",
  "flaky" : false,
  "newFailed" : false,
  "beforeStages" : [ {
    "name" : "setUp",
    "time" : {
      "start" : 1569860871956,
      "stop" : 1569860886626,
      "duration" : 14670
    },
    "description" : "",
    "status" : "passed",
    "steps" : [ ],
    "attachments" : [ ],
    "parameters" : [ ],
    "stepsCount" : 0,
    "attachmentsCount" : 0,
    "shouldDisplayMessage" : false,
    "hasContent" : false
  } ],
  "testStage" : {
    "description" : "Test the function of payment making with different types of card (Card Number Support)",
    "status" : "failed",
    "statusMessage" : "null",
    "statusTrace" : "java.lang.AssertionError: null\n\tat org.testng.Assert.fail(Assert.java:96)\n\tat org.testng.Assert.fail(Assert.java:103)\n\tat Util.Android_Driver_Methods.assertFail_toMainPage(Android_Driver_Methods.java:296)\n\tat SPRCOM_92050_Android_Payment.SPRCOM_105300_Android_NonLogin_CardTypeVerify.SPRCOM_105306_Step4(SPRCOM_105300_Android_NonLogin_CardTypeVerify.java:83)\n\tat SPRCOM_92050_Android_Payment.SPRCOM_105300_Android_NonLogin_CardTypeVerify.SPRCOM_105306(SPRCOM_105300_Android_NonLogin_CardTypeVerify.java:27)\n\tat java.base/jdk.internal.reflect.NativeMethodAccessorImpl.invoke0(Native Method)\n\tat java.base/jdk.internal.reflect.NativeMethodAccessorImpl.invoke(NativeMethodAccessorImpl.java:62)\n\tat java.base/jdk.internal.reflect.DelegatingMethodAccessorImpl.invoke(DelegatingMethodAccessorImpl.java:43)\n\tat java.base/java.lang.reflect.Method.invoke(Method.java:566)\n\tat org.testng.internal.MethodInvocationHelper.invokeMethod(MethodInvocationHelper.java:124)\n\tat org.testng.internal.Invoker.invokeMethod(Invoker.java:583)\n\tat org.testng.internal.Invoker.invokeTestMethod(Invoker.java:719)\n\tat org.testng.internal.Invoker.invokeTestMethods(Invoker.java:989)\n\tat org.testng.internal.TestMethodWorker.invokeTestMethods(TestMethodWorker.java:125)\n\tat org.testng.internal.TestMethodWorker.run(TestMethodWorker.java:109)\n\tat org.testng.TestRunner.privateRun(TestRunner.java:648)\n\tat org.testng.TestRunner.run(TestRunner.java:505)\n\tat org.testng.SuiteRunner.runTest(SuiteRunner.java:455)\n\tat org.testng.SuiteRunner.runSequentially(SuiteRunner.java:450)\n\tat org.testng.SuiteRunner.privateRun(SuiteRunner.java:415)\n\tat org.testng.SuiteRunner.run(SuiteRunner.java:364)\n\tat org.testng.SuiteRunnerWorker.runSuite(SuiteRunnerWorker.java:52)\n\tat org.testng.SuiteRunnerWorker.run(SuiteRunnerWorker.java:84)\n\tat org.testng.TestNG.runSuitesSequentially(TestNG.java:1208)\n\tat org.testng.TestNG.runSuitesSequentially(TestNG.java:1204)\n\tat org.testng.TestNG.runSuitesLocally(TestNG.java:1137)\n\tat org.testng.TestNG.runSuites(TestNG.java:1049)\n\tat org.testng.TestNG.run(TestNG.java:1017)\n\tat org.apache.maven.surefire.testng.TestNGExecutor.run(TestNGExecutor.java:283)\n\tat org.apache.maven.surefire.testng.TestNGXmlTestSuite.execute(TestNGXmlTestSuite.java:75)\n\tat org.apache.maven.surefire.testng.TestNGProvider.invoke(TestNGProvider.java:120)\n\tat org.apache.maven.surefire.booter.ForkedBooter.invokeProviderInSameClassLoader(ForkedBooter.java:386)\n\tat org.apache.maven.surefire.booter.ForkedBooter.runSuitesInProcess(ForkedBooter.java:323)\n\tat org.apache.maven.surefire.booter.ForkedBooter.main(ForkedBooter.java:143)\n",
    "steps" : [ {
      "name" : "1. Tap the button 'Make a payment' on the MainPage",
      "time" : {
        "start" : 1569861041237,
        "stop" : 1569861041318,
        "duration" : 81
      },
      "status" : "passed",
      "steps" : [ ],
      "attachments" : [ {
        "uid" : "759d9ef95bb01766",
        "name" : "Expected Result",
        "source" : "759d9ef95bb01766.txt",
        "type" : "text/plain",
        "size" : 25
      } ],
      "parameters" : [ ],
      "stepsCount" : 0,
      "attachmentsCount" : 1,
      "shouldDisplayMessage" : false,
      "hasContent" : true
    }, {
      "name" : "2. Tap payment method and tap ‘Add a new payment method’ and ‘OK’",
      "time" : {
        "start" : 1569861041319,
        "stop" : 1569861044784,
        "duration" : 3465
      },
      "status" : "passed",
      "steps" : [ ],
      "attachments" : [ {
        "uid" : "6f30f9efa118dcf3",
        "name" : "Expected Result",
        "source" : "6f30f9efa118dcf3.txt",
        "type" : "text/plain",
        "size" : 27
      } ],
      "parameters" : [ ],
      "stepsCount" : 0,
      "attachmentsCount" : 1,
      "shouldDisplayMessage" : false,
      "hasContent" : true
    }, {
      "name" : "3. Enter card info from the data provider",
      "time" : {
        "start" : 1569861044784,
        "stop" : 1569861052033,
        "duration" : 7249
      },
      "status" : "passed",
      "steps" : [ ],
      "attachments" : [ {
        "uid" : "1d21d6f7f2bf967c",
        "name" : "Expected Result",
        "source" : "1d21d6f7f2bf967c.txt",
        "type" : "text/plain",
        "size" : 20
      } ],
      "parameters" : [ {
        "name" : "cardNum",
        "value" : "36111111111111"
      }, {
        "name" : "cardType",
        "value" : "MasterCard Diners"
      } ],
      "stepsCount" : 0,
      "attachmentsCount" : 1,
      "shouldDisplayMessage" : false,
      "hasContent" : true
    }, {
      "name" : "4. Check if there is error message '- Invalid card number.', and tap 'Continue'",
      "time" : {
        "start" : 1569861052034,
        "stop" : 1569861076278,
        "duration" : 24244
      },
      "status" : "failed",
      "statusMessage" : "null",
      "statusTrace" : "java.lang.AssertionError: null\n\tat org.testng.Assert.fail(Assert.java:96)\n\tat org.testng.Assert.fail(Assert.java:103)\n\tat Util.Android_Driver_Methods.assertFail_toMainPage(Android_Driver_Methods.java:296)\n\tat SPRCOM_92050_Android_Payment.SPRCOM_105300_Android_NonLogin_CardTypeVerify.SPRCOM_105306_Step4(SPRCOM_105300_Android_NonLogin_CardTypeVerify.java:83)\n\tat SPRCOM_92050_Android_Payment.SPRCOM_105300_Android_NonLogin_CardTypeVerify.SPRCOM_105306(SPRCOM_105300_Android_NonLogin_CardTypeVerify.java:27)\n\tat java.base/jdk.internal.reflect.NativeMethodAccessorImpl.invoke0(Native Method)\n\tat java.base/jdk.internal.reflect.NativeMethodAccessorImpl.invoke(NativeMethodAccessorImpl.java:62)\n\tat java.base/jdk.internal.reflect.DelegatingMethodAccessorImpl.invoke(DelegatingMethodAccessorImpl.java:43)\n\tat java.base/java.lang.reflect.Method.invoke(Method.java:566)\n\tat org.testng.internal.MethodInvocationHelper.invokeMethod(MethodInvocationHelper.java:124)\n\tat org.testng.internal.Invoker.invokeMethod(Invoker.java:583)\n\tat org.testng.internal.Invoker.invokeTestMethod(Invoker.java:719)\n\tat org.testng.internal.Invoker.invokeTestMethods(Invoker.java:989)\n\tat org.testng.internal.TestMethodWorker.invokeTestMethods(TestMethodWorker.java:125)\n\tat org.testng.internal.TestMethodWorker.run(TestMethodWorker.java:109)\n\tat org.testng.TestRunner.privateRun(TestRunner.java:648)\n\tat org.testng.TestRunner.run(TestRunner.java:505)\n\tat org.testng.SuiteRunner.runTest(SuiteRunner.java:455)\n\tat org.testng.SuiteRunner.runSequentially(SuiteRunner.java:450)\n\tat org.testng.SuiteRunner.privateRun(SuiteRunner.java:415)\n\tat org.testng.SuiteRunner.run(SuiteRunner.java:364)\n\tat org.testng.SuiteRunnerWorker.runSuite(SuiteRunnerWorker.java:52)\n\tat org.testng.SuiteRunnerWorker.run(SuiteRunnerWorker.java:84)\n\tat org.testng.TestNG.runSuitesSequentially(TestNG.java:1208)\n\tat org.testng.TestNG.runSuitesSequentially(TestNG.java:1204)\n\tat org.testng.TestNG.runSuitesLocally(TestNG.java:1137)\n\tat org.testng.TestNG.runSuites(TestNG.java:1049)\n\tat org.testng.TestNG.run(TestNG.java:1017)\n\tat org.apache.maven.surefire.testng.TestNGExecutor.run(TestNGExecutor.java:283)\n\tat org.apache.maven.surefire.testng.TestNGXmlTestSuite.execute(TestNGXmlTestSuite.java:75)\n\tat org.apache.maven.surefire.testng.TestNGProvider.invoke(TestNGProvider.java:120)\n\tat org.apache.maven.surefire.booter.ForkedBooter.invokeProviderInSameClassLoader(ForkedBooter.java:386)\n\tat org.apache.maven.surefire.booter.ForkedBooter.runSuitesInProcess(ForkedBooter.java:323)\n\tat org.apache.maven.surefire.booter.ForkedBooter.main(ForkedBooter.java:143)\n",
      "steps" : [ ],
      "attachments" : [ {
        "uid" : "8dc93842cd99131b",
        "name" : "Expected Result",
        "source" : "8dc93842cd99131b.txt",
        "type" : "text/plain",
        "size" : 31
      }, {
        "uid" : "b0d374786b727bc0",
        "name" : "IMPORTANT Message",
        "source" : "b0d374786b727bc0.txt",
        "type" : "text/plain",
        "size" : 41
      }, {
        "uid" : "c67832fa64a4c08e",
        "name" : "Fail Screenshot",
        "source" : "c67832fa64a4c08e.png",
        "type" : "image/png",
        "size" : 126515
      } ],
      "parameters" : [ ],
      "stepsCount" : 0,
      "attachmentsCount" : 3,
      "shouldDisplayMessage" : true,
      "hasContent" : true
    } ],
    "attachments" : [ {
      "uid" : "831678d8c5988688",
      "name" : "Auto Fail Screenshot",
      "source" : "831678d8c5988688.png",
      "type" : "image/png",
      "size" : 229513
    }, {
      "uid" : "82f4c89fb752545b",
      "name" : "Video Attachment",
      "source" : "82f4c89fb752545b.mp4",
      "type" : "video/mp4",
      "size" : 4677658
    } ],
    "parameters" : [ ],
    "stepsCount" : 4,
    "attachmentsCount" : 8,
    "shouldDisplayMessage" : false,
    "hasContent" : true
  },
  "afterStages" : [ {
    "name" : "tearDown",
    "time" : {
      "start" : 1569861219906,
      "stop" : 1569861220334,
      "duration" : 428
    },
    "description" : "",
    "status" : "passed",
    "steps" : [ ],
    "attachments" : [ ],
    "parameters" : [ ],
    "stepsCount" : 0,
    "attachmentsCount" : 0,
    "shouldDisplayMessage" : false,
    "hasContent" : false
  } ],
  "labels" : [ {
    "name" : "package",
    "value" : "SPRCOM_92050_Android_Payment.SPRCOM_105300_Android_NonLogin_CardTypeVerify"
  }, {
    "name" : "testClass",
    "value" : "SPRCOM_92050_Android_Payment.SPRCOM_105300_Android_NonLogin_CardTypeVerify"
  }, {
    "name" : "testMethod",
    "value" : "SPRCOM_105306"
  }, {
    "name" : "parentSuite",
    "value" : "SPRCOM-92050 My Sprint App Android - Non login Payment"
  }, {
    "name" : "suite",
    "value" : "SPRCOM_105300_Android_NonLogin_Payment"
  }, {
    "name" : "subSuite",
    "value" : "SPRCOM_92050_Android_Payment.SPRCOM_105300_Android_NonLogin_CardTypeVerify"
  }, {
    "name" : "host",
    "value" : "CLMC02SH12YG8WM"
  }, {
    "name" : "thread",
    "value" : "84509@CLMC02SH12YG8WM.main(1)"
  }, {
    "name" : "framework",
    "value" : "testng"
  }, {
    "name" : "language",
    "value" : "java"
  }, {
    "name" : "story",
    "value" : "SPRCOM-105306 Payment Test with card types(Number)"
  }, {
    "name" : "feature",
    "value" : "SPRCOM-105300 My Sprint App Android - NonLogin Payment"
  }, {
    "name" : "epic",
    "value" : "SPRCOM-92050 My Sprint App Android - Payment"
  }, {
    "name" : "severity",
    "value" : "trivial"
  }, {
    "name" : "resultFormat",
    "value" : "allure2"
  } ],
  "parameters" : [ {
    "name" : "appiumPort",
    "value" : "4733"
  }, {
    "name" : "arg0",
    "value" : "36111111111111"
  }, {
    "name" : "arg1",
    "value" : "MasterCard Diners"
  }, {
    "name" : "arg2",
    "value" : "LOAD TEST ACCOUNTS"
  }, {
    "name" : "deviceName",
    "value" : "appium28"
  }, {
    "name" : "udid",
    "value" : "emulator-5554"
  }, {
    "name" : "versionNo",
    "value" : "care-beta-617026.apk"
  } ],
  "links" : [ ],
  "hidden" : false,
  "retry" : false,
  "extra" : {
    "severity" : "trivial",
    "retries" : [ ],
    "categories" : [ {
      "name" : "Product defects",
      "matchedStatuses" : [ ],
      "flaky" : false
    } ],
    "tags" : [ ]
  },
  "source" : "288f9bc0a6eeaf45.json",
  "parameterValues" : [ "4733", "36111111111111", "MasterCard Diners", "LOAD TEST ACCOUNTS", "appium28", "emulator-5554", "care-beta-617026.apk" ]
}